<?xml version="1.0" encoding="UTF-8"?>
<!-- Generated by org.testng.reporters.JUnitReportReporter -->
<testsuite hostname="ASHRITH" failures="0" tests="2" name="TestNGSessions.Annotations1" time="56.860" errors="0" timestamp="2021-04-29T16:05:42 IST" skipped="0">
  <testcase classname="TestNGSessions.Annotations1" name="verifyLogo" time="28.671"/>
  <system-out/>
  <testcase classname="TestNGSessions.Annotations1" name="verifyTitle" time="28.189"/>
  <system-out/>
</testsuite> <!-- TestNGSessions.Annotations1 -->
