<?xml version="1.0" encoding="UTF-8"?>
<!-- Generated by org.testng.reporters.JUnitReportReporter -->
<testsuite hostname="ASHRITH" failures="0" tests="1" name="TestNGSessions.ExpectedExceptionConcept" time="0.027" errors="0" timestamp="2021-04-29T16:32:42 IST" skipped="0">
  <testcase classname="TestNGSessions.ExpectedExceptionConcept" name="a_test" time="0.027"/>
  <system-out/>
</testsuite> <!-- TestNGSessions.ExpectedExceptionConcept -->
