<?xml version="1.0" encoding="UTF-8"?>
<!-- Generated by org.testng.reporters.JUnitReportReporter -->
<testsuite hostname="ASHRITH" failures="0" tests="1" name="com.parameters.ParameterTest" time="24.083" errors="0" timestamp="2021-05-03T08:22:05 IST" skipped="0">
  <testcase classname="com.parameters.ParameterTest" name="yahooLoginTest" time="24.083"/>
  <system-out/>
</testsuite> <!-- com.parameters.ParameterTest -->
