<?xml version="1.0" encoding="UTF-8"?>
<!-- Generated by org.testng.reporters.JUnitReportReporter -->
<testsuite hostname="ASHRITH" failures="0" tests="10" name="TestNGSessions.InvocationCountConcept2" time="0.068" errors="0" timestamp="2021-04-29T17:06:58 IST" skipped="0">
  <testcase classname="TestNGSessions.InvocationCountConcept2" name="homePageSearchTest" time="0.010"/>
  <system-out/>
  <testcase classname="TestNGSessions.InvocationCountConcept2" name="homePageSearchTest" time="0.010"/>
  <system-out/>
  <testcase classname="TestNGSessions.InvocationCountConcept2" name="homePageSearchTest" time="0.012"/>
  <system-out/>
  <testcase classname="TestNGSessions.InvocationCountConcept2" name="homePageSearchTest" time="0.003"/>
  <system-out/>
  <testcase classname="TestNGSessions.InvocationCountConcept2" name="homePageSearchTest" time="0.006"/>
  <system-out/>
  <testcase classname="TestNGSessions.InvocationCountConcept2" name="homePageSearchTest" time="0.004"/>
  <system-out/>
  <testcase classname="TestNGSessions.InvocationCountConcept2" name="homePageSearchTest" time="0.004"/>
  <system-out/>
  <testcase classname="TestNGSessions.InvocationCountConcept2" name="homePageSearchTest" time="0.011"/>
  <system-out/>
  <testcase classname="TestNGSessions.InvocationCountConcept2" name="homePageSearchTest" time="0.005"/>
  <system-out/>
  <testcase classname="TestNGSessions.InvocationCountConcept2" name="homePageSearchTest" time="0.003"/>
  <system-out/>
</testsuite> <!-- TestNGSessions.InvocationCountConcept2 -->
