<?xml version="1.0" encoding="UTF-8"?>
<!-- Generated by org.testng.reporters.JUnitReportReporter -->
<testsuite hostname="ASHRITH" failures="0" tests="3" name="TestNGSessions.TestCaseDesign" time="0.060" errors="0" timestamp="2021-04-29T17:06:58 IST" skipped="0">
  <testcase classname="TestNGSessions.TestCaseDesign" name="homePageTitleTest" time="0.012"/>
  <system-out/>
  <testcase classname="TestNGSessions.TestCaseDesign" name="checkUserInfoTest" time="0.034"/>
  <system-out/>
  <testcase classname="TestNGSessions.TestCaseDesign" name="homePageSearchTest" time="0.014"/>
  <system-out/>
</testsuite> <!-- TestNGSessions.TestCaseDesign -->
