<?xml version="1.0" encoding="UTF-8"?>
<!-- Generated by org.testng.reporters.JUnitReportReporter -->
<testsuite hostname="ASHRITH" failures="0" tests="1" name="TestNGSessions.ExpectedExceptionConcept2" time="0.003" errors="0" timestamp="2021-04-29T17:06:58 IST" skipped="0">
  <testcase classname="TestNGSessions.ExpectedExceptionConcept2" name="a_test" time="0.003"/>
  <system-out/>
</testsuite> <!-- TestNGSessions.ExpectedExceptionConcept2 -->
